<?xml version="1.0" encoding="UTF-8"?>
<!-- Generated by org.testng.reporters.JUnitXMLReporter -->
<testsuite ignored="0" hostname="Prakash" failures="0" tests="13" name="Default test" time="10.172" errors="0" timestamp="2025-03-21T01:05:24 IST">
  <testcase classname="com.api.testing.RestAssuredTest.AppTest" name="testUserSignup" time="3.089"/>
  <testcase classname="com.api.testing.RestAssuredTest.AppTest" name="testUserLogin" time="1.912"/>
  <testcase classname="com.api.testing.RestAssuredTest.AppTest" name="testCreateBook" time="0.097"/>
  <testcase classname="com.api.testing.RestAssuredTest.AppTest" name="testGetBookById" time="0.073"/>
  <testcase classname="com.api.testing.RestAssuredTest.AppTest" name="testDeleteBook" time="0.043"/>
  <testcase classname="com.api.testing.RestAssuredTest.AppTest" name="testInvalidLogin" time="0.037"/>
  <testcase classname="com.api.testing.RestAssuredTest.AppTest" name="testUnauthorizedAccess" time="0.027"/>
  <testcase classname="com.api.testing.RestAssuredTest.AppTest" name="testCreateMultipleBooks" time="0.053"/>
  <testcase classname="com.api.testing.RestAssuredTest.AppTest" name="testCreateMultipleBooks" time="0.041"/>
  <testcase classname="com.api.testing.RestAssuredTest.AppTest" name="testCreateMultipleBooks" time="0.037"/>
  <testcase classname="com.api.testing.RestAssuredTest.AppTest" name="testSignupWithExistingEmail" time="0.029"/>
  <testcase classname="com.api.testing.RestAssuredTest.AppTest" name="testLoginWithIncorrectPassword" time="0.675"/>
  <testcase classname="com.api.testing.RestAssuredTest.AppTest" name="testGetBookWithInvalidId" time="0.03"/>
</testsuite> <!-- Default test -->
