<?xml version="1.0" encoding="UTF-8"?>
<!-- Generated by org.testng.reporters.JUnitXMLReporter -->
<testsuite ignored="0" hostname="Prakash" failures="0" tests="13" name="Default test" time="10.194" errors="0" timestamp="2025-03-21T00:28:45 IST">
  <testcase classname="com.api.testing.RestAssuredTest.AppTest" name="testUserSignup" time="3.139"/>
  <testcase classname="com.api.testing.RestAssuredTest.AppTest" name="testUserLogin" time="1.991"/>
  <testcase classname="com.api.testing.RestAssuredTest.AppTest" name="testCreateBook" time="0.108"/>
  <testcase classname="com.api.testing.RestAssuredTest.AppTest" name="testGetBookById" time="0.084"/>
  <testcase classname="com.api.testing.RestAssuredTest.AppTest" name="testDeleteBook" time="0.045"/>
  <testcase classname="com.api.testing.RestAssuredTest.AppTest" name="testInvalidLogin" time="0.045"/>
  <testcase classname="com.api.testing.RestAssuredTest.AppTest" name="testUnauthorizedAccess" time="0.025"/>
  <testcase classname="com.api.testing.RestAssuredTest.AppTest" name="testCreateMultipleBooks" time="0.052"/>
  <testcase classname="com.api.testing.RestAssuredTest.AppTest" name="testCreateMultipleBooks" time="0.046"/>
  <testcase classname="com.api.testing.RestAssuredTest.AppTest" name="testCreateMultipleBooks" time="0.046"/>
  <testcase classname="com.api.testing.RestAssuredTest.AppTest" name="testSignupWithExistingEmail" time="0.032"/>
  <testcase classname="com.api.testing.RestAssuredTest.AppTest" name="testLoginWithIncorrectPassword" time="0.707"/>
  <testcase classname="com.api.testing.RestAssuredTest.AppTest" name="testGetBookWithInvalidId" time="0.041"/>
</testsuite> <!-- Default test -->
