<?xml version="1.0" encoding="UTF-8"?>
<testsuite xmlns:xsi="http://www.w3.org/2001/XMLSchema-instance" xsi:noNamespaceSchemaLocation="https://maven.apache.org/surefire/maven-surefire-plugin/xsd/surefire-test-report-3.0.xsd" version="3.0" name="TestSuite" time="10.654" tests="10" errors="0" skipped="0" failures="0">
  <properties>
[...]
</properties>
  <testcase name="testUserSignup" classname="com.api.testing.RestAssuredTest.AppTest" time="3.154"/>
  <testcase name="testUserLogin" classname="com.api.testing.RestAssuredTest.AppTest" time="1.914">
    <system-out><![CDATA[🔑 Token initialized successfully.
]]></system-out>
  </testcase>
  <testcase name="testCreateBook" classname="com.api.testing.RestAssuredTest.AppTest" time="0.123"/>
  <testcase name="testGetBookById" classname="com.api.testing.RestAssuredTest.AppTest" time="0.083"/>
  <testcase name="testDeleteBook" classname="com.api.testing.RestAssuredTest.AppTest" time="0.045"/>
  <testcase name="testInvalidLogin" classname="com.api.testing.RestAssuredTest.AppTest" time="0.027"/>
  <testcase name="testUnauthorizedAccess" classname="com.api.testing.RestAssuredTest.AppTest" time="0.022"/>
  <testcase name="testCreateMultipleBooks[Book 4, Author 1, 2001, Summary 1](1)" classname="com.api.testing.RestAssuredTest.AppTest" time="0.039"/>
  <testcase name="testCreateMultipleBooks[Book 2, Author 2, 2002, Summary 2](2)" classname="com.api.testing.RestAssuredTest.AppTest" time="0.031"/>
  <testcase name="testCreateMultipleBooks[Book 3, Author 3, 2003, Summary 3](3)" classname="com.api.testing.RestAssuredTest.AppTest" time="0.033"/>
</testsuite>