<?xml version="1.0" encoding="UTF-8"?>
<testng-results ignored="0" total="10" passed="10" failed="0" skipped="0">
  <reporter-output>
  </reporter-output>
  <suite started-at="2025-03-21T00:24:29 IST" name="Suite" finished-at="2025-03-21T00:24:38 IST" duration-ms="9037">
    <groups>
    </groups>
    <test started-at="2025-03-21T00:24:29 IST" name="Test" finished-at="2025-03-21T00:24:38 IST" duration-ms="9037">
      <class name="com.api.testing.RestAssuredTest.AppTest">
        <test-method is-config="true" signature="setup()[pri:0, instance:com.api.testing.RestAssuredTest.AppTest@4efbca5a]" started-at="2025-03-21T00:24:29 IST" name="setup" finished-at="2025-03-21T00:24:30 IST" duration-ms="1105" status="PASS">
          <reporter-output>
          </reporter-output>
        </test-method> <!-- setup -->
        <test-method signature="testUserSignup()[pri:1, instance:com.api.testing.RestAssuredTest.AppTest@4efbca5a]" started-at="2025-03-21T00:24:30 IST" name="testUserSignup" finished-at="2025-03-21T00:24:33 IST" duration-ms="3158" status="PASS">
          <reporter-output>
          </reporter-output>
        </test-method> <!-- testUserSignup -->
        <test-method is-config="true" signature="logTestResult(org.testng.ITestResult)[pri:0, instance:com.api.testing.RestAssuredTest.AppTest@4efbca5a]" started-at="2025-03-21T00:24:33 IST" name="logTestResult" finished-at="2025-03-21T00:24:33 IST" duration-ms="5" status="PASS">
          <params>
            <param index="0">
              <value>
                <![CDATA[[TestResult name=testUserSignup status=SUCCESS method=AppTest.testUserSignup()[pri:1, instance:com.api.testing.RestAssuredTest.AppTest@4efbca5a] output={null}]]]>
              </value>
            </param>
          </params>
          <reporter-output>
          </reporter-output>
        </test-method> <!-- logTestResult -->
        <test-method signature="testUserLogin()[pri:2, instance:com.api.testing.RestAssuredTest.AppTest@4efbca5a]" started-at="2025-03-21T00:24:33 IST" name="testUserLogin" finished-at="2025-03-21T00:24:35 IST" duration-ms="1895" status="PASS">
          <reporter-output>
          </reporter-output>
        </test-method> <!-- testUserLogin -->
        <test-method is-config="true" signature="logTestResult(org.testng.ITestResult)[pri:0, instance:com.api.testing.RestAssuredTest.AppTest@4efbca5a]" started-at="2025-03-21T00:24:35 IST" name="logTestResult" finished-at="2025-03-21T00:24:35 IST" duration-ms="1" status="PASS">
          <params>
            <param index="0">
              <value>
                <![CDATA[[TestResult name=testUserLogin status=SUCCESS method=AppTest.testUserLogin()[pri:2, instance:com.api.testing.RestAssuredTest.AppTest@4efbca5a] output={null}]]]>
              </value>
            </param>
          </params>
          <reporter-output>
          </reporter-output>
        </test-method> <!-- logTestResult -->
        <test-method signature="testCreateBook()[pri:3, instance:com.api.testing.RestAssuredTest.AppTest@4efbca5a]" started-at="2025-03-21T00:24:35 IST" name="testCreateBook" finished-at="2025-03-21T00:24:35 IST" depends-on-methods="com.api.testing.RestAssuredTest.AppTest.testUserLogin" duration-ms="126" status="PASS">
          <reporter-output>
          </reporter-output>
        </test-method> <!-- testCreateBook -->
        <test-method is-config="true" signature="logTestResult(org.testng.ITestResult)[pri:0, instance:com.api.testing.RestAssuredTest.AppTest@4efbca5a]" started-at="2025-03-21T00:24:35 IST" name="logTestResult" finished-at="2025-03-21T00:24:35 IST" duration-ms="0" status="PASS">
          <params>
            <param index="0">
              <value>
                <![CDATA[[TestResult name=testCreateBook status=SUCCESS method=AppTest.testCreateBook()[pri:3, instance:com.api.testing.RestAssuredTest.AppTest@4efbca5a] output={null}]]]>
              </value>
            </param>
          </params>
          <reporter-output>
          </reporter-output>
        </test-method> <!-- logTestResult -->
        <test-method signature="testGetBookById()[pri:4, instance:com.api.testing.RestAssuredTest.AppTest@4efbca5a]" started-at="2025-03-21T00:24:35 IST" name="testGetBookById" finished-at="2025-03-21T00:24:35 IST" depends-on-methods="com.api.testing.RestAssuredTest.AppTest.testCreateBook" duration-ms="82" status="PASS">
          <reporter-output>
          </reporter-output>
        </test-method> <!-- testGetBookById -->
        <test-method is-config="true" signature="logTestResult(org.testng.ITestResult)[pri:0, instance:com.api.testing.RestAssuredTest.AppTest@4efbca5a]" started-at="2025-03-21T00:24:35 IST" name="logTestResult" finished-at="2025-03-21T00:24:35 IST" duration-ms="0" status="PASS">
          <params>
            <param index="0">
              <value>
                <![CDATA[[TestResult name=testGetBookById status=SUCCESS method=AppTest.testGetBookById()[pri:4, instance:com.api.testing.RestAssuredTest.AppTest@4efbca5a] output={null}]]]>
              </value>
            </param>
          </params>
          <reporter-output>
          </reporter-output>
        </test-method> <!-- logTestResult -->
        <test-method signature="testDeleteBook()[pri:5, instance:com.api.testing.RestAssuredTest.AppTest@4efbca5a]" started-at="2025-03-21T00:24:35 IST" name="testDeleteBook" finished-at="2025-03-21T00:24:35 IST" depends-on-methods="com.api.testing.RestAssuredTest.AppTest.testGetBookById" duration-ms="47" status="PASS">
          <reporter-output>
          </reporter-output>
        </test-method> <!-- testDeleteBook -->
        <test-method is-config="true" signature="logTestResult(org.testng.ITestResult)[pri:0, instance:com.api.testing.RestAssuredTest.AppTest@4efbca5a]" started-at="2025-03-21T00:24:35 IST" name="logTestResult" finished-at="2025-03-21T00:24:35 IST" duration-ms="1" status="PASS">
          <params>
            <param index="0">
              <value>
                <![CDATA[[TestResult name=testDeleteBook status=SUCCESS method=AppTest.testDeleteBook()[pri:5, instance:com.api.testing.RestAssuredTest.AppTest@4efbca5a] output={null}]]]>
              </value>
            </param>
          </params>
          <reporter-output>
          </reporter-output>
        </test-method> <!-- logTestResult -->
        <test-method signature="testInvalidLogin()[pri:6, instance:com.api.testing.RestAssuredTest.AppTest@4efbca5a]" started-at="2025-03-21T00:24:35 IST" name="testInvalidLogin" finished-at="2025-03-21T00:24:35 IST" duration-ms="27" status="PASS">
          <reporter-output>
          </reporter-output>
        </test-method> <!-- testInvalidLogin -->
        <test-method is-config="true" signature="logTestResult(org.testng.ITestResult)[pri:0, instance:com.api.testing.RestAssuredTest.AppTest@4efbca5a]" started-at="2025-03-21T00:24:35 IST" name="logTestResult" finished-at="2025-03-21T00:24:35 IST" duration-ms="1" status="PASS">
          <params>
            <param index="0">
              <value>
                <![CDATA[[TestResult name=testInvalidLogin status=SUCCESS method=AppTest.testInvalidLogin()[pri:6, instance:com.api.testing.RestAssuredTest.AppTest@4efbca5a] output={null}]]]>
              </value>
            </param>
          </params>
          <reporter-output>
          </reporter-output>
        </test-method> <!-- logTestResult -->
        <test-method signature="testUnauthorizedAccess()[pri:7, instance:com.api.testing.RestAssuredTest.AppTest@4efbca5a]" started-at="2025-03-21T00:24:35 IST" name="testUnauthorizedAccess" finished-at="2025-03-21T00:24:35 IST" duration-ms="21" status="PASS">
          <reporter-output>
          </reporter-output>
        </test-method> <!-- testUnauthorizedAccess -->
        <test-method is-config="true" signature="logTestResult(org.testng.ITestResult)[pri:0, instance:com.api.testing.RestAssuredTest.AppTest@4efbca5a]" started-at="2025-03-21T00:24:35 IST" name="logTestResult" finished-at="2025-03-21T00:24:35 IST" duration-ms="0" status="PASS">
          <params>
            <param index="0">
              <value>
                <![CDATA[[TestResult name=testUnauthorizedAccess status=SUCCESS method=AppTest.testUnauthorizedAccess()[pri:7, instance:com.api.testing.RestAssuredTest.AppTest@4efbca5a] output={null}]]]>
              </value>
            </param>
          </params>
          <reporter-output>
          </reporter-output>
        </test-method> <!-- logTestResult -->
        <test-method signature="testCreateMultipleBooks(java.lang.String,java.lang.String,int,java.lang.String)[pri:8, instance:com.api.testing.RestAssuredTest.AppTest@4efbca5a]" started-at="2025-03-21T00:24:35 IST" name="testCreateMultipleBooks" data-provider="bookData" finished-at="2025-03-21T00:24:35 IST" duration-ms="38" status="PASS">
          <params>
            <param index="0">
              <value>
                <![CDATA[Book 4]]>
              </value>
            </param>
            <param index="1">
              <value>
                <![CDATA[Author 1]]>
              </value>
            </param>
            <param index="2">
              <value>
                <![CDATA[2001]]>
              </value>
            </param>
            <param index="3">
              <value>
                <![CDATA[Summary 1]]>
              </value>
            </param>
          </params>
          <reporter-output>
          </reporter-output>
        </test-method> <!-- testCreateMultipleBooks -->
        <test-method is-config="true" signature="logTestResult(org.testng.ITestResult)[pri:0, instance:com.api.testing.RestAssuredTest.AppTest@4efbca5a]" started-at="2025-03-21T00:24:35 IST" name="logTestResult" finished-at="2025-03-21T00:24:35 IST" duration-ms="0" status="PASS">
          <params>
            <param index="0">
              <value>
                <![CDATA[[TestResult name=testCreateMultipleBooks status=SUCCESS method=AppTest.testCreateMultipleBooks(java.lang.String,java.lang.String,int,java.lang.String)[pri:8, instance:com.api.testing.RestAssuredTest.AppTest@4efbca5a] output={null}]]]>
              </value>
            </param>
          </params>
          <reporter-output>
          </reporter-output>
        </test-method> <!-- logTestResult -->
        <test-method signature="testCreateMultipleBooks(java.lang.String,java.lang.String,int,java.lang.String)[pri:8, instance:com.api.testing.RestAssuredTest.AppTest@4efbca5a]" started-at="2025-03-21T00:24:35 IST" name="testCreateMultipleBooks" data-provider="bookData" finished-at="2025-03-21T00:24:36 IST" duration-ms="29" status="PASS">
          <params>
            <param index="0">
              <value>
                <![CDATA[Book 2]]>
              </value>
            </param>
            <param index="1">
              <value>
                <![CDATA[Author 2]]>
              </value>
            </param>
            <param index="2">
              <value>
                <![CDATA[2002]]>
              </value>
            </param>
            <param index="3">
              <value>
                <![CDATA[Summary 2]]>
              </value>
            </param>
          </params>
          <reporter-output>
          </reporter-output>
        </test-method> <!-- testCreateMultipleBooks -->
        <test-method is-config="true" signature="logTestResult(org.testng.ITestResult)[pri:0, instance:com.api.testing.RestAssuredTest.AppTest@4efbca5a]" started-at="2025-03-21T00:24:36 IST" name="logTestResult" finished-at="2025-03-21T00:24:36 IST" duration-ms="1" status="PASS">
          <params>
            <param index="0">
              <value>
                <![CDATA[[TestResult name=testCreateMultipleBooks status=SUCCESS method=AppTest.testCreateMultipleBooks(java.lang.String,java.lang.String,int,java.lang.String)[pri:8, instance:com.api.testing.RestAssuredTest.AppTest@4efbca5a] output={null}]]]>
              </value>
            </param>
          </params>
          <reporter-output>
          </reporter-output>
        </test-method> <!-- logTestResult -->
        <test-method signature="testCreateMultipleBooks(java.lang.String,java.lang.String,int,java.lang.String)[pri:8, instance:com.api.testing.RestAssuredTest.AppTest@4efbca5a]" started-at="2025-03-21T00:24:36 IST" name="testCreateMultipleBooks" data-provider="bookData" finished-at="2025-03-21T00:24:36 IST" duration-ms="33" status="PASS">
          <params>
            <param index="0">
              <value>
                <![CDATA[Book 3]]>
              </value>
            </param>
            <param index="1">
              <value>
                <![CDATA[Author 3]]>
              </value>
            </param>
            <param index="2">
              <value>
                <![CDATA[2003]]>
              </value>
            </param>
            <param index="3">
              <value>
                <![CDATA[Summary 3]]>
              </value>
            </param>
          </params>
          <reporter-output>
          </reporter-output>
        </test-method> <!-- testCreateMultipleBooks -->
        <test-method is-config="true" signature="logTestResult(org.testng.ITestResult)[pri:0, instance:com.api.testing.RestAssuredTest.AppTest@4efbca5a]" started-at="2025-03-21T00:24:36 IST" name="logTestResult" finished-at="2025-03-21T00:24:36 IST" duration-ms="0" status="PASS">
          <params>
            <param index="0">
              <value>
                <![CDATA[[TestResult name=testCreateMultipleBooks status=SUCCESS method=AppTest.testCreateMultipleBooks(java.lang.String,java.lang.String,int,java.lang.String)[pri:8, instance:com.api.testing.RestAssuredTest.AppTest@4efbca5a] output={null}]]]>
              </value>
            </param>
          </params>
          <reporter-output>
          </reporter-output>
        </test-method> <!-- logTestResult -->
        <test-method is-config="true" signature="tearDown()[pri:0, instance:com.api.testing.RestAssuredTest.AppTest@4efbca5a]" started-at="2025-03-21T00:24:36 IST" name="tearDown" finished-at="2025-03-21T00:24:38 IST" duration-ms="2342" status="PASS">
          <reporter-output>
          </reporter-output>
        </test-method> <!-- tearDown -->
      </class> <!-- com.api.testing.RestAssuredTest.AppTest -->
    </test> <!-- Test -->
  </suite> <!-- Suite -->
</testng-results>
