<?xml version="1.0" encoding="UTF-8"?>
<!-- Generated by org.testng.reporters.JUnitXMLReporter -->
<testsuite ignored="0" hostname="Prakash" failures="0" tests="10" name="Test" time="9.752" errors="0" timestamp="2025-03-21T00:07:29 IST">
  <testcase classname="com.api.testing.RestAssuredTest.AppTest" name="testUserSignup" time="3.047"/>
  <testcase classname="com.api.testing.RestAssuredTest.AppTest" name="testUserLogin" time="2.193"/>
  <testcase classname="com.api.testing.RestAssuredTest.AppTest" name="testCreateBook" time="0.106"/>
  <testcase classname="com.api.testing.RestAssuredTest.AppTest" name="testGetBookById" time="0.081"/>
  <testcase classname="com.api.testing.RestAssuredTest.AppTest" name="testDeleteBook" time="0.046"/>
  <testcase classname="com.api.testing.RestAssuredTest.AppTest" name="testInvalidLogin" time="0.03"/>
  <testcase classname="com.api.testing.RestAssuredTest.AppTest" name="testUnauthorizedAccess" time="0.025"/>
  <testcase classname="com.api.testing.RestAssuredTest.AppTest" name="testCreateMultipleBooks" time="0.042"/>
  <testcase classname="com.api.testing.RestAssuredTest.AppTest" name="testCreateMultipleBooks" time="0.033"/>
  <testcase classname="com.api.testing.RestAssuredTest.AppTest" name="testCreateMultipleBooks" time="0.036"/>
</testsuite> <!-- Test -->
